<?xml version="1.0" encoding="UTF-8" ?>
<testsuite failures="0" time="0.31" errors="1" skipped="0" tests="1" name="taotao.TestPageHelper">
  <properties>
[...]
</properties>
  <testcase time="0.31" classname="taotao.TestPageHelper" name="testPageHelper">
    <error message="Error creating bean with name &apos;itemService&apos;: Unsatisfied dependency expressed through field &apos;itemMapper&apos;; nested exception is org.springframework.beans.factory.BeanCreationException: Error creating bean with name &apos;itemMapper&apos; defined in file [D:\taotao\target\classes\com\taotao\dao\ItemMapper.class]: Cannot resolve reference to bean &apos;sqlSessionFactory&apos; while setting bean property &apos;sqlSessionFactory&apos;; nested exception is org.springframework.beans.factory.BeanCreationException: Error creating bean with name &apos;sqlSessionFactory&apos; defined in class path resource [spring-mybatis.xml]: Initialization of bean failed; nested exception is org.springframework.beans.TypeMismatchException: Failed to convert property value of type &apos;java.lang.String&apos; to required type &apos;org.springframework.core.io.Resource[]&apos; for property &apos;mapperLocations&apos;; nested exception is java.lang.IllegalArgumentException: Could not resolve resource location pattern [classpath:com/taotao/mapping/*.xml]: class path resource [com/taotao/mapping/] cannot be resolved to URL because it does not exist" type="org.springframework.beans.factory.UnsatisfiedDependencyException">org.springframework.beans.factory.UnsatisfiedDependencyException: Error creating bean with name &apos;itemService&apos;: Unsatisfied dependency expressed through field &apos;itemMapper&apos;; nested exception is org.springframework.beans.factory.BeanCreationException: Error creating bean with name &apos;itemMapper&apos; defined in file [D:\taotao\target\classes\com\taotao\dao\ItemMapper.class]: Cannot resolve reference to bean &apos;sqlSessionFactory&apos; while setting bean property &apos;sqlSessionFactory&apos;; nested exception is org.springframework.beans.factory.BeanCreationException: Error creating bean with name &apos;sqlSessionFactory&apos; defined in class path resource [spring-mybatis.xml]: Initialization of bean failed; nested exception is org.springframework.beans.TypeMismatchException: Failed to convert property value of type &apos;java.lang.String&apos; to required type &apos;org.springframework.core.io.Resource[]&apos; for property &apos;mapperLocations&apos;; nested exception is java.lang.IllegalArgumentException: Could not resolve resource location pattern [classpath:com/taotao/mapping/*.xml]: class path resource [com/taotao/mapping/] cannot be resolved to URL because it does not exist
	at org.springframework.beans.factory.annotation.AutowiredAnnotationBeanPostProcessor$AutowiredFieldElement.inject(AutowiredAnnotationBeanPostProcessor.java:588)
	at org.springframework.beans.factory.annotation.InjectionMetadata.inject(InjectionMetadata.java:88)
	at org.springframework.beans.factory.annotation.AutowiredAnnotationBeanPostProcessor.postProcessPropertyValues(AutowiredAnnotationBeanPostProcessor.java:366)
	at org.springframework.beans.factory.support.AbstractAutowireCapableBeanFactory.populateBean(AbstractAutowireCapableBeanFactory.java:1264)
	at org.springframework.beans.factory.support.AbstractAutowireCapableBeanFactory.doCreateBean(AbstractAutowireCapableBeanFactory.java:553)
	at org.springframework.beans.factory.support.AbstractAutowireCapableBeanFactory.createBean(AbstractAutowireCapableBeanFactory.java:483)
	at org.springframework.beans.factory.support.AbstractBeanFactory$1.getObject(AbstractBeanFactory.java:306)
	at org.springframework.beans.factory.support.DefaultSingletonBeanRegistry.getSingleton(DefaultSingletonBeanRegistry.java:230)
	at org.springframework.beans.factory.support.AbstractBeanFactory.doGetBean(AbstractBeanFactory.java:302)
	at org.springframework.beans.factory.support.AbstractBeanFactory.getBean(AbstractBeanFactory.java:197)
	at org.springframework.beans.factory.support.DefaultListableBeanFactory.preInstantiateSingletons(DefaultListableBeanFactory.java:761)
	at org.springframework.context.support.AbstractApplicationContext.finishBeanFactoryInitialization(AbstractApplicationContext.java:866)
	at org.springframework.context.support.AbstractApplicationContext.refresh(AbstractApplicationContext.java:542)
	at org.springframework.context.support.ClassPathXmlApplicationContext.&lt;init&gt;(ClassPathXmlApplicationContext.java:139)
	at org.springframework.context.support.ClassPathXmlApplicationContext.&lt;init&gt;(ClassPathXmlApplicationContext.java:93)
	at taotao.TestPageHelper.testPageHelper(TestPageHelper.java:22)
	at sun.reflect.NativeMethodAccessorImpl.invoke0(Native Method)
	at sun.reflect.NativeMethodAccessorImpl.invoke(NativeMethodAccessorImpl.java:57)
	at sun.reflect.DelegatingMethodAccessorImpl.invoke(DelegatingMethodAccessorImpl.java:43)
	at java.lang.reflect.Method.invoke(Method.java:606)
	at org.junit.runners.model.FrameworkMethod$1.runReflectiveCall(FrameworkMethod.java:50)
	at org.junit.internal.runners.model.ReflectiveCallable.run(ReflectiveCallable.java:12)
	at org.junit.runners.model.FrameworkMethod.invokeExplosively(FrameworkMethod.java:47)
	at org.junit.internal.runners.statements.InvokeMethod.evaluate(InvokeMethod.java:17)
	at org.junit.runners.ParentRunner.runLeaf(ParentRunner.java:325)
	at org.junit.runners.BlockJUnit4ClassRunner.runChild(BlockJUnit4ClassRunner.java:78)
	at org.junit.runners.BlockJUnit4ClassRunner.runChild(BlockJUnit4ClassRunner.java:57)
	at org.junit.runners.ParentRunner$3.run(ParentRunner.java:290)
	at org.junit.runners.ParentRunner$1.schedule(ParentRunner.java:71)
	at org.junit.runners.ParentRunner.runChildren(ParentRunner.java:288)
	at org.junit.runners.ParentRunner.access$000(ParentRunner.java:58)
	at org.junit.runners.ParentRunner$2.evaluate(ParentRunner.java:268)
	at org.junit.runners.ParentRunner.run(ParentRunner.java:363)
	at org.apache.maven.surefire.junit4.JUnit4Provider.execute(JUnit4Provider.java:252)
	at org.apache.maven.surefire.junit4.JUnit4Provider.executeTestSet(JUnit4Provider.java:141)
	at org.apache.maven.surefire.junit4.JUnit4Provider.invoke(JUnit4Provider.java:112)
	at sun.reflect.NativeMethodAccessorImpl.invoke0(Native Method)
	at sun.reflect.NativeMethodAccessorImpl.invoke(NativeMethodAccessorImpl.java:57)
	at sun.reflect.DelegatingMethodAccessorImpl.invoke(DelegatingMethodAccessorImpl.java:43)
	at java.lang.reflect.Method.invoke(Method.java:606)
	at org.apache.maven.surefire.util.ReflectionUtils.invokeMethodWithArray(ReflectionUtils.java:189)
	at org.apache.maven.surefire.booter.ProviderFactory$ProviderProxy.invoke(ProviderFactory.java:165)
	at org.apache.maven.surefire.booter.ProviderFactory.invokeProvider(ProviderFactory.java:85)
	at org.apache.maven.surefire.booter.ForkedBooter.runSuitesInProcess(ForkedBooter.java:115)
	at org.apache.maven.surefire.booter.ForkedBooter.main(ForkedBooter.java:75)
Caused by: org.springframework.beans.factory.BeanCreationException: Error creating bean with name &apos;itemMapper&apos; defined in file [D:\taotao\target\classes\com\taotao\dao\ItemMapper.class]: Cannot resolve reference to bean &apos;sqlSessionFactory&apos; while setting bean property &apos;sqlSessionFactory&apos;; nested exception is org.springframework.beans.factory.BeanCreationException: Error creating bean with name &apos;sqlSessionFactory&apos; defined in class path resource [spring-mybatis.xml]: Initialization of bean failed; nested exception is org.springframework.beans.TypeMismatchException: Failed to convert property value of type &apos;java.lang.String&apos; to required type &apos;org.springframework.core.io.Resource[]&apos; for property &apos;mapperLocations&apos;; nested exception is java.lang.IllegalArgumentException: Could not resolve resource location pattern [classpath:com/taotao/mapping/*.xml]: class path resource [com/taotao/mapping/] cannot be resolved to URL because it does not exist
	at org.springframework.beans.factory.support.BeanDefinitionValueResolver.resolveReference(BeanDefinitionValueResolver.java:359)
	at org.springframework.beans.factory.support.BeanDefinitionValueResolver.resolveValueIfNecessary(BeanDefinitionValueResolver.java:108)
	at org.springframework.beans.factory.support.AbstractAutowireCapableBeanFactory.applyPropertyValues(AbstractAutowireCapableBeanFactory.java:1531)
	at org.springframework.beans.factory.support.AbstractAutowireCapableBeanFactory.populateBean(AbstractAutowireCapableBeanFactory.java:1276)
	at org.springframework.beans.factory.support.AbstractAutowireCapableBeanFactory.doCreateBean(AbstractAutowireCapableBeanFactory.java:553)
	at org.springframework.beans.factory.support.AbstractAutowireCapableBeanFactory.createBean(AbstractAutowireCapableBeanFactory.java:483)
	at org.springframework.beans.factory.support.AbstractBeanFactory$1.getObject(AbstractBeanFactory.java:306)
	at org.springframework.beans.factory.support.DefaultSingletonBeanRegistry.getSingleton(DefaultSingletonBeanRegistry.java:230)
	at org.springframework.beans.factory.support.AbstractBeanFactory.doGetBean(AbstractBeanFactory.java:302)
	at org.springframework.beans.factory.support.AbstractBeanFactory.getBean(AbstractBeanFactory.java:202)
	at org.springframework.beans.factory.config.DependencyDescriptor.resolveCandidate(DependencyDescriptor.java:208)
	at org.springframework.beans.factory.support.DefaultListableBeanFactory.doResolveDependency(DefaultListableBeanFactory.java:1138)
	at org.springframework.beans.factory.support.DefaultListableBeanFactory.resolveDependency(DefaultListableBeanFactory.java:1066)
	at org.springframework.beans.factory.annotation.AutowiredAnnotationBeanPostProcessor$AutowiredFieldElement.inject(AutowiredAnnotationBeanPostProcessor.java:585)
	... 44 more
Caused by: org.springframework.beans.factory.BeanCreationException: Error creating bean with name &apos;sqlSessionFactory&apos; defined in class path resource [spring-mybatis.xml]: Initialization of bean failed; nested exception is org.springframework.beans.TypeMismatchException: Failed to convert property value of type &apos;java.lang.String&apos; to required type &apos;org.springframework.core.io.Resource[]&apos; for property &apos;mapperLocations&apos;; nested exception is java.lang.IllegalArgumentException: Could not resolve resource location pattern [classpath:com/taotao/mapping/*.xml]: class path resource [com/taotao/mapping/] cannot be resolved to URL because it does not exist
	at org.springframework.beans.factory.support.AbstractAutowireCapableBeanFactory.doCreateBean(AbstractAutowireCapableBeanFactory.java:564)
	at org.springframework.beans.factory.support.AbstractAutowireCapableBeanFactory.createBean(AbstractAutowireCapableBeanFactory.java:483)
	at org.springframework.beans.factory.support.AbstractBeanFactory$1.getObject(AbstractBeanFactory.java:306)
	at org.springframework.beans.factory.support.DefaultSingletonBeanRegistry.getSingleton(DefaultSingletonBeanRegistry.java:230)
	at org.springframework.beans.factory.support.AbstractBeanFactory.doGetBean(AbstractBeanFactory.java:302)
	at org.springframework.beans.factory.support.AbstractBeanFactory.getBean(AbstractBeanFactory.java:197)
	at org.springframework.beans.factory.support.BeanDefinitionValueResolver.resolveReference(BeanDefinitionValueResolver.java:351)
	... 57 more
Caused by: org.springframework.beans.TypeMismatchException: Failed to convert property value of type &apos;java.lang.String&apos; to required type &apos;org.springframework.core.io.Resource[]&apos; for property &apos;mapperLocations&apos;; nested exception is java.lang.IllegalArgumentException: Could not resolve resource location pattern [classpath:com/taotao/mapping/*.xml]: class path resource [com/taotao/mapping/] cannot be resolved to URL because it does not exist
	at org.springframework.beans.AbstractNestablePropertyAccessor.convertIfNecessary(AbstractNestablePropertyAccessor.java:610)
	at org.springframework.beans.AbstractNestablePropertyAccessor.convertForProperty(AbstractNestablePropertyAccessor.java:617)
	at org.springframework.beans.BeanWrapperImpl.convertForProperty(BeanWrapperImpl.java:216)
	at org.springframework.beans.factory.support.AbstractAutowireCapableBeanFactory.convertForProperty(AbstractAutowireCapableBeanFactory.java:1577)
	at org.springframework.beans.factory.support.AbstractAutowireCapableBeanFactory.applyPropertyValues(AbstractAutowireCapableBeanFactory.java:1536)
	at org.springframework.beans.factory.support.AbstractAutowireCapableBeanFactory.populateBean(AbstractAutowireCapableBeanFactory.java:1276)
	at org.springframework.beans.factory.support.AbstractAutowireCapableBeanFactory.doCreateBean(AbstractAutowireCapableBeanFactory.java:553)
	... 63 more
Caused by: java.lang.IllegalArgumentException: Could not resolve resource location pattern [classpath:com/taotao/mapping/*.xml]: class path resource [com/taotao/mapping/] cannot be resolved to URL because it does not exist
	at org.springframework.core.io.support.ResourceArrayPropertyEditor.setAsText(ResourceArrayPropertyEditor.java:116)
	at org.springframework.beans.TypeConverterDelegate.doConvertTextValue(TypeConverterDelegate.java:468)
	at org.springframework.beans.TypeConverterDelegate.doConvertValue(TypeConverterDelegate.java:441)
	at org.springframework.beans.TypeConverterDelegate.convertIfNecessary(TypeConverterDelegate.java:199)
	at org.springframework.beans.AbstractNestablePropertyAccessor.convertIfNecessary(AbstractNestablePropertyAccessor.java:590)
	... 69 more
</error>
    <system-out>[org.springframework.core.env.StandardEnvironment]Adding [systemProperties] PropertySource with lowest search precedence
[org.springframework.core.env.StandardEnvironment]Adding [systemEnvironment] PropertySource with lowest search precedence
[org.springframework.core.env.StandardEnvironment]Initialized StandardEnvironment with PropertySources [systemProperties,systemEnvironment]
[org.springframework.context.support.ClassPathXmlApplicationContext]Refreshing org.springframework.context.support.ClassPathXmlApplicationContext@32ca208c: startup date [Sun Apr 02 18:59:54 CST 2017]; root of context hierarchy
[org.springframework.core.env.StandardEnvironment]Adding [systemProperties] PropertySource with lowest search precedence
[org.springframework.core.env.StandardEnvironment]Adding [systemEnvironment] PropertySource with lowest search precedence
[org.springframework.core.env.StandardEnvironment]Initialized StandardEnvironment with PropertySources [systemProperties,systemEnvironment]
[org.springframework.beans.factory.xml.XmlBeanDefinitionReader]Loading XML bean definitions from class path resource [spring.xml]
[org.springframework.beans.factory.xml.DefaultDocumentLoader]Using JAXP provider [com.sun.org.apache.xerces.internal.jaxp.DocumentBuilderFactoryImpl]
[org.springframework.beans.factory.xml.PluggableSchemaResolver]Loading schema mappings from [META-INF/spring.schemas]
[org.springframework.beans.factory.xml.PluggableSchemaResolver]Loaded schema mappings: {http://www.springframework.org/schema/tx/spring-tx-2.5.xsd=org/springframework/transaction/config/spring-tx-2.5.xsd, http://www.springframework.org/schema/tx/spring-tx-4.3.xsd=org/springframework/transaction/config/spring-tx-4.3.xsd, http://www.springframework.org/schema/cache/spring-cache-4.2.xsd=org/springframework/cache/config/spring-cache-4.2.xsd, http://www.springframework.org/schema/aop/spring-aop-4.1.xsd=org/springframework/aop/config/spring-aop-4.1.xsd, http://www.springframework.org/schema/context/spring-context-3.1.xsd=org/springframework/context/config/spring-context-3.1.xsd, http://www.springframework.org/schema/jdbc/spring-jdbc-4.1.xsd=org/springframework/jdbc/config/spring-jdbc-4.1.xsd, http://www.springframework.org/schema/mvc/spring-mvc-4.1.xsd=org/springframework/web/servlet/config/spring-mvc-4.1.xsd, http://www.springframework.org/schema/util/spring-util-3.0.xsd=org/springframework/beans/factory/xml/spring-util-3.0.xsd, http://mybatis.org/schema/mybatis-spring-1.2.xsd=org/mybatis/spring/config/mybatis-spring-1.2.xsd, http://www.springframework.org/schema/tool/spring-tool.xsd=org/springframework/beans/factory/xml/spring-tool-4.3.xsd, http://www.springframework.org/schema/aop/spring-aop-3.2.xsd=org/springframework/aop/config/spring-aop-3.2.xsd, http://www.springframework.org/schema/lang/spring-lang-4.1.xsd=org/springframework/scripting/config/spring-lang-4.1.xsd, http://www.springframework.org/schema/context/spring-context-4.0.xsd=org/springframework/context/config/spring-context-4.0.xsd, http://www.springframework.org/schema/mvc/spring-mvc-3.2.xsd=org/springframework/web/servlet/config/spring-mvc-3.2.xsd, http://www.springframework.org/schema/beans/spring-beans-4.2.xsd=org/springframework/beans/factory/xml/spring-beans-4.2.xsd, http://www.springframework.org/schema/tool/spring-tool-4.1.xsd=org/springframework/beans/factory/xml/spring-tool-4.1.xsd, http://www.springframework.org/schema/lang/spring-lang-3.2.xsd=org/springframework/scripting/config/spring-lang-3.2.xsd, http://www.springframework.org/schema/cache/spring-cache-3.2.xsd=org/springframework/cache/config/spring-cache-3.2.xsd, http://www.springframework.org/schema/jee/spring-jee-4.1.xsd=org/springframework/ejb/config/spring-jee-4.1.xsd, http://www.springframework.org/schema/jdbc/spring-jdbc-3.1.xsd=org/springframework/jdbc/config/spring-jdbc-3.1.xsd, http://www.springframework.org/schema/task/spring-task-4.2.xsd=org/springframework/scheduling/config/spring-task-4.2.xsd, http://www.springframework.org/schema/util/spring-util-2.0.xsd=org/springframework/beans/factory/xml/spring-util-2.0.xsd, http://www.springframework.org/schema/tool/spring-tool-3.2.xsd=org/springframework/beans/factory/xml/spring-tool-3.2.xsd, http://www.springframework.org/schema/context/spring-context.xsd=org/springframework/context/config/spring-context-4.3.xsd, http://www.springframework.org/schema/tx/spring-tx-4.2.xsd=org/springframework/transaction/config/spring-tx-4.2.xsd, http://www.springframework.org/schema/cache/spring-cache-4.1.xsd=org/springframework/cache/config/spring-cache-4.1.xsd, http://www.springframework.org/schema/aop/spring-aop-4.0.xsd=org/springframework/aop/config/spring-aop-4.0.xsd, http://www.springframework.org/schema/jee/spring-jee-3.2.xsd=org/springframework/ejb/config/spring-jee-3.2.xsd, http://www.springframework.org/schema/context/spring-context-3.0.xsd=org/springframework/context/config/spring-context-3.0.xsd, http://www.springframework.org/schema/jdbc/spring-jdbc-4.0.xsd=org/springframework/jdbc/config/spring-jdbc-4.0.xsd, http://www.springframework.org/schema/mvc/spring-mvc-4.0.xsd=org/springframework/web/servlet/config/spring-mvc-4.0.xsd, http://www.springframework.org/schema/util/spring-util-2.5.xsd=org/springframework/beans/factory/xml/spring-util-2.5.xsd, http://www.springframework.org/schema/util/spring-util-4.3.xsd=org/springframework/beans/factory/xml/spring-util-4.3.xsd, http://www.springframework.org/schema/beans/spring-beans-3.2.xsd=org/springframework/beans/factory/xml/spring-beans-3.2.xsd, http://www.springframework.org/schema/aop/spring-aop-3.1.xsd=org/springframework/aop/config/spring-aop-3.1.xsd, http://www.springframework.org/schema/lang/spring-lang-4.0.xsd=org/springframework/scripting/config/spring-lang-4.0.xsd, http://www.springframework.org/schema/mvc/spring-mvc.xsd=org/springframework/web/servlet/config/spring-mvc-4.3.xsd, http://www.springframework.org/schema/mvc/spring-mvc-3.1.xsd=org/springframework/web/servlet/config/spring-mvc-3.1.xsd, http://www.springframework.org/schema/beans/spring-beans-4.1.xsd=org/springframework/beans/factory/xml/spring-beans-4.1.xsd, http://www.springframework.org/schema/tool/spring-tool-4.0.xsd=org/springframework/beans/factory/xml/spring-tool-4.0.xsd, http://www.springframework.org/schema/lang/spring-lang-3.1.xsd=org/springframework/scripting/config/spring-lang-3.1.xsd, http://www.springframework.org/schema/tx/spring-tx-3.2.xsd=org/springframework/transaction/config/spring-tx-3.2.xsd, http://www.springframework.org/schema/cache/spring-cache-3.1.xsd=org/springframework/cache/config/spring-cache-3.1.xsd, http://www.springframework.org/schema/jee/spring-jee-4.0.xsd=org/springframework/ejb/config/spring-jee-4.0.xsd, http://www.springframework.org/schema/jdbc/spring-jdbc-3.0.xsd=org/springframework/jdbc/config/spring-jdbc-3.0.xsd, http://www.springframework.org/schema/task/spring-task-4.1.xsd=org/springframework/scheduling/config/spring-task-4.1.xsd, http://www.springframework.org/schema/jdbc/spring-jdbc.xsd=org/springframework/jdbc/config/spring-jdbc-4.3.xsd, http://www.springframework.org/schema/tool/spring-tool-3.1.xsd=org/springframework/beans/factory/xml/spring-tool-3.1.xsd, http://www.springframework.org/schema/tx/spring-tx-4.1.xsd=org/springframework/transaction/config/spring-tx-4.1.xsd, http://www.springframework.org/schema/cache/spring-cache-4.0.xsd=org/springframework/cache/config/spring-cache-4.0.xsd, http://www.springframework.org/schema/jee/spring-jee-3.1.xsd=org/springframework/ejb/config/spring-jee-3.1.xsd, http://www.springframework.org/schema/task/spring-task-3.2.xsd=org/springframework/scheduling/config/spring-task-3.2.xsd, http://www.springframework.org/schema/util/spring-util-4.2.xsd=org/springframework/beans/factory/xml/spring-util-4.2.xsd, http://www.springframework.org/schema/beans/spring-beans-3.1.xsd=org/springframework/beans/factory/xml/spring-beans-3.1.xsd, http://www.springframework.org/schema/util/spring-util.xsd=org/springframework/beans/factory/xml/spring-util-4.3.xsd, http://www.springframework.org/schema/aop/spring-aop-3.0.xsd=org/springframework/aop/config/spring-aop-3.0.xsd, http://www.springframework.org/schema/mvc/spring-mvc-3.0.xsd=org/springframework/web/servlet/config/spring-mvc-3.0.xsd, http://www.springframework.org/schema/beans/spring-beans-4.0.xsd=org/springframework/beans/factory/xml/spring-beans-4.0.xsd, http://www.springframework.org/schema/beans/spring-beans.xsd=org/springframework/beans/factory/xml/spring-beans-4.3.xsd, http://mybatis.org/schema/mybatis-spring.xsd=org/mybatis/spring/config/mybatis-spring-1.2.xsd, http://www.springframework.org/schema/lang/spring-lang-3.0.xsd=org/springframework/scripting/config/spring-lang-3.0.xsd, http://www.springframework.org/schema/tx/spring-tx-3.1.xsd=org/springframework/transaction/config/spring-tx-3.1.xsd, http://www.springframework.org/schema/context/spring-context-2.5.xsd=org/springframework/context/config/spring-context-2.5.xsd, http://www.springframework.org/schema/context/spring-context-4.3.xsd=org/springframework/context/config/spring-context-4.3.xsd, http://www.springframework.org/schema/task/spring-task-4.0.xsd=org/springframework/scheduling/config/spring-task-4.0.xsd, http://www.springframework.org/schema/tool/spring-tool-3.0.xsd=org/springframework/beans/factory/xml/spring-tool-3.0.xsd, http://www.springframework.org/schema/tx/spring-tx-4.0.xsd=org/springframework/transaction/config/spring-tx-4.0.xsd, http://www.springframework.org/schema/aop/spring-aop-2.0.xsd=org/springframework/aop/config/spring-aop-2.0.xsd, http://www.springframework.org/schema/jee/spring-jee-3.0.xsd=org/springframework/ejb/config/spring-jee-3.0.xsd, http://www.springframework.org/schema/task/spring-task-3.1.xsd=org/springframework/scheduling/config/spring-task-3.1.xsd, http://www.springframework.org/schema/util/spring-util-4.1.xsd=org/springframework/beans/factory/xml/spring-util-4.1.xsd, http://www.springframework.org/schema/beans/spring-beans-3.0.xsd=org/springframework/beans/factory/xml/spring-beans-3.0.xsd, http://www.springframework.org/schema/jee/spring-jee.xsd=org/springframework/ejb/config/spring-jee-4.3.xsd, http://www.springframework.org/schema/aop/spring-aop-2.5.xsd=org/springframework/aop/config/spring-aop-2.5.xsd, http://www.springframework.org/schema/aop/spring-aop-4.3.xsd=org/springframework/aop/config/spring-aop-4.3.xsd, http://www.springframework.org/schema/lang/spring-lang-2.0.xsd=org/springframework/scripting/config/spring-lang-2.0.xsd, http://www.springframework.org/schema/jdbc/spring-jdbc-4.3.xsd=org/springframework/jdbc/config/spring-jdbc-4.3.xsd, http://www.springframework.org/schema/mvc/spring-mvc-4.3.xsd=org/springframework/web/servlet/config/spring-mvc-4.3.xsd, http://www.springframework.org/schema/util/spring-util-3.2.xsd=org/springframework/beans/factory/xml/spring-util-3.2.xsd, http://www.springframework.org/schema/task/spring-task.xsd=org/springframework/scheduling/config/spring-task-4.3.xsd, http://www.springframework.org/schema/tool/spring-tool-2.0.xsd=org/springframework/beans/factory/xml/spring-tool-2.0.xsd, http://www.springframework.org/schema/lang/spring-lang-4.3.xsd=org/springframework/scripting/config/spring-lang-4.3.xsd, http://www.springframework.org/schema/tx/spring-tx-3.0.xsd=org/springframework/transaction/config/spring-tx-3.0.xsd, http://www.springframework.org/schema/lang/spring-lang-2.5.xsd=org/springframework/scripting/config/spring-lang-2.5.xsd, http://www.springframework.org/schema/context/spring-context-4.2.xsd=org/springframework/context/config/spring-context-4.2.xsd, http://www.springframework.org/schema/jee/spring-jee-2.0.xsd=org/springframework/ejb/config/spring-jee-2.0.xsd, http://www.springframework.org/schema/tool/spring-tool-4.3.xsd=org/springframework/beans/factory/xml/spring-tool-4.3.xsd, http://www.springframework.org/schema/tool/spring-tool-2.5.xsd=org/springframework/beans/factory/xml/spring-tool-2.5.xsd, http://www.springframework.org/schema/jee/spring-jee-4.3.xsd=org/springframework/ejb/config/spring-jee-4.3.xsd, http://www.springframework.org/schema/jee/spring-jee-2.5.xsd=org/springframework/ejb/config/spring-jee-2.5.xsd, http://www.springframework.org/schema/task/spring-task-3.0.xsd=org/springframework/scheduling/config/spring-task-3.0.xsd, http://www.springframework.org/schema/util/spring-util-4.0.xsd=org/springframework/beans/factory/xml/spring-util-4.0.xsd, http://www.springframework.org/schema/cache/spring-cache-4.3.xsd=org/springframework/cache/config/spring-cache-4.3.xsd, http://www.springframework.org/schema/aop/spring-aop-4.2.xsd=org/springframework/aop/config/spring-aop-4.2.xsd, http://www.springframework.org/schema/lang/spring-lang.xsd=org/springframework/scripting/config/spring-lang-4.3.xsd, http://www.springframework.org/schema/context/spring-context-3.2.xsd=org/springframework/context/config/spring-context-3.2.xsd, http://www.springframework.org/schema/jdbc/spring-jdbc-4.2.xsd=org/springframework/jdbc/config/spring-jdbc-4.2.xsd, http://www.springframework.org/schema/mvc/spring-mvc-4.2.xsd=org/springframework/web/servlet/config/spring-mvc-4.2.xsd, http://www.springframework.org/schema/util/spring-util-3.1.xsd=org/springframework/beans/factory/xml/spring-util-3.1.xsd, http://www.springframework.org/schema/beans/spring-beans-2.0.xsd=org/springframework/beans/factory/xml/spring-beans-2.0.xsd, http://www.springframework.org/schema/cache/spring-cache.xsd=org/springframework/cache/config/spring-cache-4.3.xsd, http://www.springframework.org/schema/tx/spring-tx.xsd=org/springframework/transaction/config/spring-tx-4.3.xsd, http://www.springframework.org/schema/lang/spring-lang-4.2.xsd=org/springframework/scripting/config/spring-lang-4.2.xsd, http://www.springframework.org/schema/context/spring-context-4.1.xsd=org/springframework/context/config/spring-context-4.1.xsd, http://www.springframework.org/schema/beans/spring-beans-2.5.xsd=org/springframework/beans/factory/xml/spring-beans-2.5.xsd, http://www.springframework.org/schema/beans/spring-beans-4.3.xsd=org/springframework/beans/factory/xml/spring-beans-4.3.xsd, http://www.springframework.org/schema/tool/spring-tool-4.2.xsd=org/springframework/beans/factory/xml/spring-tool-4.2.xsd, http://www.springframework.org/schema/tx/spring-tx-2.0.xsd=org/springframework/transaction/config/spring-tx-2.0.xsd, http://www.alibaba.com/schema/stat.xsd=META-INF/stat.xsd, http://www.springframework.org/schema/jee/spring-jee-4.2.xsd=org/springframework/ejb/config/spring-jee-4.2.xsd, http://www.springframework.org/schema/jdbc/spring-jdbc-3.2.xsd=org/springframework/jdbc/config/spring-jdbc-3.2.xsd, http://www.springframework.org/schema/task/spring-task-4.3.xsd=org/springframework/scheduling/config/spring-task-4.3.xsd, http://www.springframework.org/schema/aop/spring-aop.xsd=org/springframework/aop/config/spring-aop-4.3.xsd}
[org.springframework.beans.factory.xml.PluggableSchemaResolver]Found XML schema [http://www.springframework.org/schema/beans/spring-beans-3.0.xsd] in classpath: org/springframework/beans/factory/xml/spring-beans-3.0.xsd
[org.springframework.beans.factory.xml.PluggableSchemaResolver]Found XML schema [http://www.springframework.org/schema/context/spring-context-3.0.xsd] in classpath: org/springframework/context/config/spring-context-3.0.xsd
[org.springframework.beans.factory.xml.PluggableSchemaResolver]Found XML schema [http://www.springframework.org/schema/tool/spring-tool-3.0.xsd] in classpath: org/springframework/beans/factory/xml/spring-tool-3.0.xsd
[org.springframework.beans.factory.xml.DefaultBeanDefinitionDocumentReader]Loading bean definitions
[org.springframework.beans.factory.xml.DefaultNamespaceHandlerResolver]Loaded NamespaceHandler mappings: {http://www.springframework.org/schema/p=org.springframework.beans.factory.xml.SimplePropertyNamespaceHandler, http://www.springframework.org/schema/mvc=org.springframework.web.servlet.config.MvcNamespaceHandler, http://www.springframework.org/schema/util=org.springframework.beans.factory.xml.UtilNamespaceHandler, http://www.alibaba.com/schema/stat=com.alibaba.druid.support.spring.stat.config.DruidStatNamespaceHandler, http://www.springframework.org/schema/jee=org.springframework.ejb.config.JeeNamespaceHandler, http://www.springframework.org/schema/aop=org.springframework.aop.config.AopNamespaceHandler, http://www.springframework.org/schema/jdbc=org.springframework.jdbc.config.JdbcNamespaceHandler, http://www.springframework.org/schema/cache=org.springframework.cache.config.CacheNamespaceHandler, http://mybatis.org/schema/mybatis-spring=org.mybatis.spring.config.NamespaceHandler, http://www.springframework.org/schema/c=org.springframework.beans.factory.xml.SimpleConstructorNamespaceHandler, http://www.springframework.org/schema/tx=org.springframework.transaction.config.TxNamespaceHandler, http://www.springframework.org/schema/task=org.springframework.scheduling.config.TaskNamespaceHandler, http://www.springframework.org/schema/lang=org.springframework.scripting.config.LangNamespaceHandler, http://www.springframework.org/schema/context=org.springframework.context.config.ContextNamespaceHandler}
[org.springframework.core.io.support.PathMatchingResourcePatternResolver]Resolved classpath location [com/taotao/serviceimpl/] to resources [URL [file:/D:/taotao/target/classes/com/taotao/serviceimpl/]]
[org.springframework.core.io.support.PathMatchingResourcePatternResolver]Looking for matching resources in directory tree [D:\taotao\target\classes\com\taotao\serviceimpl]
[org.springframework.core.io.support.PathMatchingResourcePatternResolver]Searching directory [D:\taotao\target\classes\com\taotao\serviceimpl] for files matching pattern [D:/taotao/target/classes/com/taotao/serviceimpl/**/*.class]
[org.springframework.core.io.support.PathMatchingResourcePatternResolver]Resolved location pattern [classpath*:com/taotao/serviceimpl/**/*.class] to resources [file [D:\taotao\target\classes\com\taotao\serviceimpl\ItemServiceImpl.class], file [D:\taotao\target\classes\com\taotao\serviceimpl\UserServiceImpl.class]]
[org.springframework.context.annotation.ClassPathBeanDefinitionScanner]Identified candidate component class: file [D:\taotao\target\classes\com\taotao\serviceimpl\ItemServiceImpl.class]
[org.springframework.context.annotation.ClassPathBeanDefinitionScanner]Identified candidate component class: file [D:\taotao\target\classes\com\taotao\serviceimpl\UserServiceImpl.class]
[org.springframework.beans.factory.xml.XmlBeanDefinitionReader]Loaded 9 bean definitions from location pattern [spring.xml]
[org.springframework.beans.factory.xml.XmlBeanDefinitionReader]Loading XML bean definitions from class path resource [spring-mybatis.xml]
[org.springframework.beans.factory.xml.DefaultDocumentLoader]Using JAXP provider [com.sun.org.apache.xerces.internal.jaxp.DocumentBuilderFactoryImpl]
[org.springframework.beans.factory.xml.PluggableSchemaResolver]Found XML schema [http://www.springframework.org/schema/beans/spring-beans-3.0.xsd] in classpath: org/springframework/beans/factory/xml/spring-beans-3.0.xsd
[org.springframework.beans.factory.xml.PluggableSchemaResolver]Found XML schema [http://www.springframework.org/schema/tx/spring-tx-3.0.xsd] in classpath: org/springframework/transaction/config/spring-tx-3.0.xsd
[org.springframework.beans.factory.xml.PluggableSchemaResolver]Found XML schema [http://www.springframework.org/schema/tool/spring-tool-3.0.xsd] in classpath: org/springframework/beans/factory/xml/spring-tool-3.0.xsd
[org.springframework.beans.factory.xml.PluggableSchemaResolver]Found XML schema [http://www.springframework.org/schema/aop/spring-aop-3.0.xsd] in classpath: org/springframework/aop/config/spring-aop-3.0.xsd
[org.springframework.beans.factory.xml.DefaultBeanDefinitionDocumentReader]Loading bean definitions
[org.springframework.beans.factory.xml.BeanDefinitionParserDelegate]No XML &apos;id&apos; specified - using &apos;dataSource&apos; as bean name and [] as aliases
[org.springframework.beans.factory.xml.BeanDefinitionParserDelegate]Neither XML &apos;id&apos; nor &apos;name&apos; specified - using generated bean name [org.mybatis.spring.mapper.MapperScannerConfigurer#0]
[org.springframework.beans.factory.xml.XmlBeanDefinitionReader]Loaded 11 bean definitions from location pattern [spring-mybatis.xml]
[org.springframework.context.support.ClassPathXmlApplicationContext]Bean factory for org.springframework.context.support.ClassPathXmlApplicationContext@32ca208c: org.springframework.beans.factory.support.DefaultListableBeanFactory@5ea755f5: defining beans [org.springframework.beans.factory.config.PropertyPlaceholderConfigurer#0,itemService,userService,org.springframework.context.annotation.internalConfigurationAnnotationProcessor,org.springframework.context.annotation.internalAutowiredAnnotationProcessor,org.springframework.context.annotation.internalRequiredAnnotationProcessor,org.springframework.context.annotation.internalCommonAnnotationProcessor,org.springframework.context.event.internalEventListenerProcessor,org.springframework.context.event.internalEventListenerFactory,dataSource,sqlSessionFactory,org.mybatis.spring.mapper.MapperScannerConfigurer#0,transactionManager,transactionAdvice,org.springframework.aop.config.internalAutoProxyCreator,transactionPointcut,org.springframework.aop.support.DefaultBeanFactoryPointcutAdvisor#0,druid-stat-interceptor,druid-stat-pointcut,org.springframework.aop.support.DefaultBeanFactoryPointcutAdvisor#1]; root of factory hierarchy
[org.springframework.beans.factory.support.DefaultListableBeanFactory]Creating shared instance of singleton bean &apos;org.springframework.context.annotation.internalConfigurationAnnotationProcessor&apos;
[org.springframework.beans.factory.support.DefaultListableBeanFactory]Creating instance of bean &apos;org.springframework.context.annotation.internalConfigurationAnnotationProcessor&apos;
[org.springframework.beans.factory.support.DefaultListableBeanFactory]Eagerly caching bean &apos;org.springframework.context.annotation.internalConfigurationAnnotationProcessor&apos; to allow for resolving potential circular references
[org.springframework.beans.factory.support.DefaultListableBeanFactory]Finished creating instance of bean &apos;org.springframework.context.annotation.internalConfigurationAnnotationProcessor&apos;
[org.springframework.beans.factory.support.DefaultListableBeanFactory]Creating shared instance of singleton bean &apos;org.mybatis.spring.mapper.MapperScannerConfigurer#0&apos;
[org.springframework.beans.factory.support.DefaultListableBeanFactory]Creating instance of bean &apos;org.mybatis.spring.mapper.MapperScannerConfigurer#0&apos;
[org.springframework.beans.factory.support.DefaultListableBeanFactory]Eagerly caching bean &apos;org.mybatis.spring.mapper.MapperScannerConfigurer#0&apos; to allow for resolving potential circular references
[org.springframework.beans.factory.support.DefaultListableBeanFactory]Invoking afterPropertiesSet() on bean with name &apos;org.mybatis.spring.mapper.MapperScannerConfigurer#0&apos;
[org.springframework.beans.factory.support.DefaultListableBeanFactory]Finished creating instance of bean &apos;org.mybatis.spring.mapper.MapperScannerConfigurer#0&apos;
[org.springframework.core.env.StandardEnvironment]Adding [systemProperties] PropertySource with lowest search precedence
[org.springframework.core.env.StandardEnvironment]Adding [systemEnvironment] PropertySource with lowest search precedence
[org.springframework.core.env.StandardEnvironment]Initialized StandardEnvironment with PropertySources [systemProperties,systemEnvironment]
[org.springframework.core.io.support.PathMatchingResourcePatternResolver]Resolved classpath location [com/taotao/dao/] to resources [URL [file:/D:/taotao/target/classes/com/taotao/dao/]]
[org.springframework.core.io.support.PathMatchingResourcePatternResolver]Looking for matching resources in directory tree [D:\taotao\target\classes\com\taotao\dao]
[org.springframework.core.io.support.PathMatchingResourcePatternResolver]Searching directory [D:\taotao\target\classes\com\taotao\dao] for files matching pattern [D:/taotao/target/classes/com/taotao/dao/**/*.class]
[org.springframework.core.io.support.PathMatchingResourcePatternResolver]Resolved location pattern [classpath*:com/taotao/dao/**/*.class] to resources [file [D:\taotao\target\classes\com\taotao\dao\ContentCategoryMapper.class], file [D:\taotao\target\classes\com\taotao\dao\ContentMapper.class], file [D:\taotao\target\classes\com\taotao\dao\ItemCatMapper.class], file [D:\taotao\target\classes\com\taotao\dao\ItemDescMapper.class], file [D:\taotao\target\classes\com\taotao\dao\ItemMapper.class], file [D:\taotao\target\classes\com\taotao\dao\ItemParamItemMapper.class], file [D:\taotao\target\classes\com\taotao\dao\ItemParamMapper.class], file [D:\taotao\target\classes\com\taotao\dao\OrderItemMapper.class], file [D:\taotao\target\classes\com\taotao\dao\OrderMapper.class], file [D:\taotao\target\classes\com\taotao\dao\OrderShippingMapper.class], file [D:\taotao\target\classes\com\taotao\dao\UserMapper.class]]
[org.mybatis.spring.mapper.ClassPathMapperScanner]Identified candidate component class: file [D:\taotao\target\classes\com\taotao\dao\ContentCategoryMapper.class]
[org.mybatis.spring.mapper.ClassPathMapperScanner]Identified candidate component class: file [D:\taotao\target\classes\com\taotao\dao\ContentMapper.class]
[org.mybatis.spring.mapper.ClassPathMapperScanner]Identified candidate component class: file [D:\taotao\target\classes\com\taotao\dao\ItemCatMapper.class]
[org.mybatis.spring.mapper.ClassPathMapperScanner]Identified candidate component class: file [D:\taotao\target\classes\com\taotao\dao\ItemDescMapper.class]
[org.mybatis.spring.mapper.ClassPathMapperScanner]Identified candidate component class: file [D:\taotao\target\classes\com\taotao\dao\ItemMapper.class]
[org.mybatis.spring.mapper.ClassPathMapperScanner]Identified candidate component class: file [D:\taotao\target\classes\com\taotao\dao\ItemParamItemMapper.class]
[org.mybatis.spring.mapper.ClassPathMapperScanner]Identified candidate component class: file [D:\taotao\target\classes\com\taotao\dao\ItemParamMapper.class]
[org.mybatis.spring.mapper.ClassPathMapperScanner]Identified candidate component class: file [D:\taotao\target\classes\com\taotao\dao\OrderItemMapper.class]
[org.mybatis.spring.mapper.ClassPathMapperScanner]Identified candidate component class: file [D:\taotao\target\classes\com\taotao\dao\OrderMapper.class]
[org.mybatis.spring.mapper.ClassPathMapperScanner]Identified candidate component class: file [D:\taotao\target\classes\com\taotao\dao\OrderShippingMapper.class]
[org.mybatis.spring.mapper.ClassPathMapperScanner]Identified candidate component class: file [D:\taotao\target\classes\com\taotao\dao\UserMapper.class]
[org.mybatis.spring.mapper.ClassPathMapperScanner]Creating MapperFactoryBean with name &apos;contentCategoryMapper&apos; and &apos;com.taotao.dao.ContentCategoryMapper&apos; mapperInterface
[org.mybatis.spring.mapper.ClassPathMapperScanner]Creating MapperFactoryBean with name &apos;contentMapper&apos; and &apos;com.taotao.dao.ContentMapper&apos; mapperInterface
[org.mybatis.spring.mapper.ClassPathMapperScanner]Creating MapperFactoryBean with name &apos;itemCatMapper&apos; and &apos;com.taotao.dao.ItemCatMapper&apos; mapperInterface
[org.mybatis.spring.mapper.ClassPathMapperScanner]Creating MapperFactoryBean with name &apos;itemDescMapper&apos; and &apos;com.taotao.dao.ItemDescMapper&apos; mapperInterface
[org.mybatis.spring.mapper.ClassPathMapperScanner]Creating MapperFactoryBean with name &apos;itemMapper&apos; and &apos;com.taotao.dao.ItemMapper&apos; mapperInterface
[org.mybatis.spring.mapper.ClassPathMapperScanner]Creating MapperFactoryBean with name &apos;itemParamItemMapper&apos; and &apos;com.taotao.dao.ItemParamItemMapper&apos; mapperInterface
[org.mybatis.spring.mapper.ClassPathMapperScanner]Creating MapperFactoryBean with name &apos;itemParamMapper&apos; and &apos;com.taotao.dao.ItemParamMapper&apos; mapperInterface
[org.mybatis.spring.mapper.ClassPathMapperScanner]Creating MapperFactoryBean with name &apos;orderItemMapper&apos; and &apos;com.taotao.dao.OrderItemMapper&apos; mapperInterface
[org.mybatis.spring.mapper.ClassPathMapperScanner]Creating MapperFactoryBean with name &apos;orderMapper&apos; and &apos;com.taotao.dao.OrderMapper&apos; mapperInterface
[org.mybatis.spring.mapper.ClassPathMapperScanner]Creating MapperFactoryBean with name &apos;orderShippingMapper&apos; and &apos;com.taotao.dao.OrderShippingMapper&apos; mapperInterface
[org.mybatis.spring.mapper.ClassPathMapperScanner]Creating MapperFactoryBean with name &apos;userMapper&apos; and &apos;com.taotao.dao.UserMapper&apos; mapperInterface
[org.springframework.beans.factory.support.DefaultListableBeanFactory]Creating shared instance of singleton bean &apos;org.springframework.beans.factory.config.PropertyPlaceholderConfigurer#0&apos;
[org.springframework.beans.factory.support.DefaultListableBeanFactory]Creating instance of bean &apos;org.springframework.beans.factory.config.PropertyPlaceholderConfigurer#0&apos;
[org.springframework.beans.factory.support.DefaultListableBeanFactory]Eagerly caching bean &apos;org.springframework.beans.factory.config.PropertyPlaceholderConfigurer#0&apos; to allow for resolving potential circular references
[org.springframework.beans.factory.support.DefaultListableBeanFactory]Finished creating instance of bean &apos;org.springframework.beans.factory.config.PropertyPlaceholderConfigurer#0&apos;
[org.springframework.beans.factory.config.PropertyPlaceholderConfigurer]Loading properties file from class path resource [config.properties]
[org.springframework.beans.factory.support.DefaultListableBeanFactory]Creating shared instance of singleton bean &apos;org.springframework.context.annotation.internalAutowiredAnnotationProcessor&apos;
[org.springframework.beans.factory.support.DefaultListableBeanFactory]Creating instance of bean &apos;org.springframework.context.annotation.internalAutowiredAnnotationProcessor&apos;
[org.springframework.beans.factory.support.DefaultListableBeanFactory]Eagerly caching bean &apos;org.springframework.context.annotation.internalAutowiredAnnotationProcessor&apos; to allow for resolving potential circular references
[org.springframework.beans.factory.support.DefaultListableBeanFactory]Finished creating instance of bean &apos;org.springframework.context.annotation.internalAutowiredAnnotationProcessor&apos;
[org.springframework.beans.factory.support.DefaultListableBeanFactory]Creating shared instance of singleton bean &apos;org.springframework.context.annotation.internalRequiredAnnotationProcessor&apos;
[org.springframework.beans.factory.support.DefaultListableBeanFactory]Creating instance of bean &apos;org.springframework.context.annotation.internalRequiredAnnotationProcessor&apos;
[org.springframework.beans.factory.support.DefaultListableBeanFactory]Eagerly caching bean &apos;org.springframework.context.annotation.internalRequiredAnnotationProcessor&apos; to allow for resolving potential circular references
[org.springframework.beans.factory.support.DefaultListableBeanFactory]Finished creating instance of bean &apos;org.springframework.context.annotation.internalRequiredAnnotationProcessor&apos;
[org.springframework.beans.factory.support.DefaultListableBeanFactory]Creating shared instance of singleton bean &apos;org.springframework.context.annotation.internalCommonAnnotationProcessor&apos;
[org.springframework.beans.factory.support.DefaultListableBeanFactory]Creating instance of bean &apos;org.springframework.context.annotation.internalCommonAnnotationProcessor&apos;
[org.springframework.beans.factory.support.DefaultListableBeanFactory]Eagerly caching bean &apos;org.springframework.context.annotation.internalCommonAnnotationProcessor&apos; to allow for resolving potential circular references
[org.springframework.beans.factory.support.DefaultListableBeanFactory]Finished creating instance of bean &apos;org.springframework.context.annotation.internalCommonAnnotationProcessor&apos;
[org.springframework.beans.factory.support.DefaultListableBeanFactory]Creating shared instance of singleton bean &apos;org.springframework.aop.config.internalAutoProxyCreator&apos;
[org.springframework.beans.factory.support.DefaultListableBeanFactory]Creating instance of bean &apos;org.springframework.aop.config.internalAutoProxyCreator&apos;
[org.springframework.beans.factory.support.DefaultListableBeanFactory]Eagerly caching bean &apos;org.springframework.aop.config.internalAutoProxyCreator&apos; to allow for resolving potential circular references
[org.springframework.beans.factory.support.DefaultListableBeanFactory]Finished creating instance of bean &apos;org.springframework.aop.config.internalAutoProxyCreator&apos;
[org.springframework.context.support.ClassPathXmlApplicationContext]Unable to locate MessageSource with name &apos;messageSource&apos;: using default [org.springframework.context.support.DelegatingMessageSource@6b022740]
[org.springframework.context.support.ClassPathXmlApplicationContext]Unable to locate ApplicationEventMulticaster with name &apos;applicationEventMulticaster&apos;: using default [org.springframework.context.event.SimpleApplicationEventMulticaster@5a5f11a2]
[org.springframework.beans.factory.support.DefaultListableBeanFactory]Pre-instantiating singletons in org.springframework.beans.factory.support.DefaultListableBeanFactory@5ea755f5: defining beans [org.springframework.beans.factory.config.PropertyPlaceholderConfigurer#0,itemService,userService,org.springframework.context.annotation.internalConfigurationAnnotationProcessor,org.springframework.context.annotation.internalAutowiredAnnotationProcessor,org.springframework.context.annotation.internalRequiredAnnotationProcessor,org.springframework.context.annotation.internalCommonAnnotationProcessor,org.springframework.context.event.internalEventListenerProcessor,org.springframework.context.event.internalEventListenerFactory,dataSource,sqlSessionFactory,org.mybatis.spring.mapper.MapperScannerConfigurer#0,transactionManager,transactionAdvice,org.springframework.aop.config.internalAutoProxyCreator,transactionPointcut,org.springframework.aop.support.DefaultBeanFactoryPointcutAdvisor#0,druid-stat-interceptor,druid-stat-pointcut,org.springframework.aop.support.DefaultBeanFactoryPointcutAdvisor#1,contentCategoryMapper,contentMapper,itemCatMapper,itemDescMapper,itemMapper,itemParamItemMapper,itemParamMapper,orderItemMapper,orderMapper,orderShippingMapper,userMapper]; root of factory hierarchy
[org.springframework.beans.factory.support.DefaultListableBeanFactory]Returning cached instance of singleton bean &apos;org.springframework.beans.factory.config.PropertyPlaceholderConfigurer#0&apos;
[org.springframework.beans.factory.support.DefaultListableBeanFactory]Creating shared instance of singleton bean &apos;itemService&apos;
[org.springframework.beans.factory.support.DefaultListableBeanFactory]Creating instance of bean &apos;itemService&apos;
[org.springframework.beans.factory.support.DefaultListableBeanFactory]Creating shared instance of singleton bean &apos;org.springframework.aop.support.DefaultBeanFactoryPointcutAdvisor#0&apos;
[org.springframework.beans.factory.support.DefaultListableBeanFactory]Creating instance of bean &apos;org.springframework.aop.support.DefaultBeanFactoryPointcutAdvisor#0&apos;
[org.springframework.beans.factory.support.DefaultListableBeanFactory]Eagerly caching bean &apos;org.springframework.aop.support.DefaultBeanFactoryPointcutAdvisor#0&apos; to allow for resolving potential circular references
[org.springframework.beans.factory.support.DefaultListableBeanFactory]Creating instance of bean &apos;transactionPointcut&apos;
[org.springframework.beans.factory.support.DefaultListableBeanFactory]Finished creating instance of bean &apos;transactionPointcut&apos;
[org.springframework.beans.factory.support.DefaultListableBeanFactory]Finished creating instance of bean &apos;org.springframework.aop.support.DefaultBeanFactoryPointcutAdvisor#0&apos;
[org.springframework.beans.factory.support.DefaultListableBeanFactory]Creating shared instance of singleton bean &apos;org.springframework.aop.support.DefaultBeanFactoryPointcutAdvisor#1&apos;
[org.springframework.beans.factory.support.DefaultListableBeanFactory]Creating instance of bean &apos;org.springframework.aop.support.DefaultBeanFactoryPointcutAdvisor#1&apos;
[org.springframework.beans.factory.support.DefaultListableBeanFactory]Eagerly caching bean &apos;org.springframework.aop.support.DefaultBeanFactoryPointcutAdvisor#1&apos; to allow for resolving potential circular references
[org.springframework.beans.factory.support.DefaultListableBeanFactory]Creating instance of bean &apos;druid-stat-pointcut&apos;
[org.springframework.beans.factory.support.DefaultListableBeanFactory]Finished creating instance of bean &apos;druid-stat-pointcut&apos;
[org.springframework.beans.factory.support.DefaultListableBeanFactory]Finished creating instance of bean &apos;org.springframework.aop.support.DefaultBeanFactoryPointcutAdvisor#1&apos;
[org.springframework.beans.factory.annotation.InjectionMetadata]Registered injected element on class [com.taotao.serviceimpl.ItemServiceImpl]: AutowiredFieldElement for private com.taotao.dao.ItemMapper com.taotao.serviceimpl.ItemServiceImpl.itemMapper
[org.springframework.beans.factory.support.DefaultListableBeanFactory]Eagerly caching bean &apos;itemService&apos; to allow for resolving potential circular references
[org.springframework.beans.factory.annotation.InjectionMetadata]Processing injected element of bean &apos;itemService&apos;: AutowiredFieldElement for private com.taotao.dao.ItemMapper com.taotao.serviceimpl.ItemServiceImpl.itemMapper
[org.springframework.beans.factory.support.DefaultListableBeanFactory]Returning cached instance of singleton bean &apos;org.springframework.aop.support.DefaultBeanFactoryPointcutAdvisor#0&apos;
[org.springframework.beans.factory.support.DefaultListableBeanFactory]Returning cached instance of singleton bean &apos;org.springframework.aop.support.DefaultBeanFactoryPointcutAdvisor#1&apos;
[org.springframework.beans.factory.support.DefaultListableBeanFactory]Returning cached instance of singleton bean &apos;org.springframework.aop.support.DefaultBeanFactoryPointcutAdvisor#0&apos;
[org.springframework.beans.factory.support.DefaultListableBeanFactory]Returning cached instance of singleton bean &apos;org.springframework.aop.support.DefaultBeanFactoryPointcutAdvisor#1&apos;
[org.springframework.beans.factory.support.DefaultListableBeanFactory]Returning cached instance of singleton bean &apos;org.springframework.aop.support.DefaultBeanFactoryPointcutAdvisor#0&apos;
[org.springframework.beans.factory.support.DefaultListableBeanFactory]Returning cached instance of singleton bean &apos;org.springframework.aop.support.DefaultBeanFactoryPointcutAdvisor#1&apos;
[org.springframework.beans.factory.support.DefaultListableBeanFactory]Returning cached instance of singleton bean &apos;org.springframework.aop.support.DefaultBeanFactoryPointcutAdvisor#0&apos;
[org.springframework.beans.factory.support.DefaultListableBeanFactory]Returning cached instance of singleton bean &apos;org.springframework.aop.support.DefaultBeanFactoryPointcutAdvisor#1&apos;
[org.springframework.beans.factory.support.DefaultListableBeanFactory]Returning cached instance of singleton bean &apos;org.springframework.aop.support.DefaultBeanFactoryPointcutAdvisor#0&apos;
[org.springframework.beans.factory.support.DefaultListableBeanFactory]Returning cached instance of singleton bean &apos;org.springframework.aop.support.DefaultBeanFactoryPointcutAdvisor#1&apos;
[org.springframework.beans.factory.support.DefaultListableBeanFactory]Returning cached instance of singleton bean &apos;org.springframework.aop.support.DefaultBeanFactoryPointcutAdvisor#0&apos;
[org.springframework.beans.factory.support.DefaultListableBeanFactory]Returning cached instance of singleton bean &apos;org.springframework.aop.support.DefaultBeanFactoryPointcutAdvisor#1&apos;
[org.springframework.beans.factory.support.DefaultListableBeanFactory]Returning cached instance of singleton bean &apos;org.springframework.aop.support.DefaultBeanFactoryPointcutAdvisor#0&apos;
[org.springframework.beans.factory.support.DefaultListableBeanFactory]Returning cached instance of singleton bean &apos;org.springframework.aop.support.DefaultBeanFactoryPointcutAdvisor#1&apos;
[org.springframework.beans.factory.support.DefaultListableBeanFactory]Returning cached instance of singleton bean &apos;org.springframework.aop.support.DefaultBeanFactoryPointcutAdvisor#0&apos;
[org.springframework.beans.factory.support.DefaultListableBeanFactory]Returning cached instance of singleton bean &apos;org.springframework.aop.support.DefaultBeanFactoryPointcutAdvisor#1&apos;
[org.springframework.beans.factory.support.DefaultListableBeanFactory]Returning cached instance of singleton bean &apos;org.springframework.aop.support.DefaultBeanFactoryPointcutAdvisor#0&apos;
[org.springframework.beans.factory.support.DefaultListableBeanFactory]Returning cached instance of singleton bean &apos;org.springframework.aop.support.DefaultBeanFactoryPointcutAdvisor#1&apos;
[org.springframework.beans.factory.support.DefaultListableBeanFactory]Returning cached instance of singleton bean &apos;org.springframework.aop.support.DefaultBeanFactoryPointcutAdvisor#0&apos;
[org.springframework.beans.factory.support.DefaultListableBeanFactory]Returning cached instance of singleton bean &apos;org.springframework.aop.support.DefaultBeanFactoryPointcutAdvisor#1&apos;
[org.springframework.beans.factory.support.DefaultListableBeanFactory]Returning cached instance of singleton bean &apos;org.springframework.aop.support.DefaultBeanFactoryPointcutAdvisor#0&apos;
[org.springframework.beans.factory.support.DefaultListableBeanFactory]Returning cached instance of singleton bean &apos;org.springframework.aop.support.DefaultBeanFactoryPointcutAdvisor#1&apos;
[org.springframework.beans.factory.support.DefaultListableBeanFactory]Returning cached instance of singleton bean &apos;org.springframework.aop.support.DefaultBeanFactoryPointcutAdvisor#0&apos;
[org.springframework.beans.factory.support.DefaultListableBeanFactory]Returning cached instance of singleton bean &apos;org.springframework.aop.support.DefaultBeanFactoryPointcutAdvisor#1&apos;
[org.springframework.beans.factory.support.DefaultListableBeanFactory]Creating shared instance of singleton bean &apos;itemMapper&apos;
[org.springframework.beans.factory.support.DefaultListableBeanFactory]Creating instance of bean &apos;itemMapper&apos;
[org.springframework.beans.factory.support.DefaultListableBeanFactory]Returning cached instance of singleton bean &apos;org.springframework.aop.support.DefaultBeanFactoryPointcutAdvisor#0&apos;
[org.springframework.beans.factory.support.DefaultListableBeanFactory]Returning cached instance of singleton bean &apos;org.springframework.aop.support.DefaultBeanFactoryPointcutAdvisor#1&apos;
[org.springframework.beans.factory.support.DefaultListableBeanFactory]Eagerly caching bean &apos;itemMapper&apos; to allow for resolving potential circular references
[org.springframework.beans.factory.support.DefaultListableBeanFactory]Creating shared instance of singleton bean &apos;sqlSessionFactory&apos;
[org.springframework.beans.factory.support.DefaultListableBeanFactory]Creating instance of bean &apos;sqlSessionFactory&apos;
[org.springframework.beans.factory.support.DefaultListableBeanFactory]Returning cached instance of singleton bean &apos;org.springframework.aop.support.DefaultBeanFactoryPointcutAdvisor#0&apos;
[org.springframework.beans.factory.support.DefaultListableBeanFactory]Returning cached instance of singleton bean &apos;org.springframework.aop.support.DefaultBeanFactoryPointcutAdvisor#1&apos;
[org.springframework.beans.factory.support.DefaultListableBeanFactory]Eagerly caching bean &apos;sqlSessionFactory&apos; to allow for resolving potential circular references
[org.springframework.beans.factory.support.DefaultListableBeanFactory]Creating shared instance of singleton bean &apos;dataSource&apos;
[org.springframework.beans.factory.support.DefaultListableBeanFactory]Creating instance of bean &apos;dataSource&apos;
[org.springframework.beans.factory.support.DefaultListableBeanFactory]Returning cached instance of singleton bean &apos;org.springframework.aop.support.DefaultBeanFactoryPointcutAdvisor#0&apos;
[org.springframework.beans.factory.support.DefaultListableBeanFactory]Returning cached instance of singleton bean &apos;org.springframework.aop.support.DefaultBeanFactoryPointcutAdvisor#1&apos;
[org.springframework.beans.factory.support.DefaultListableBeanFactory]Eagerly caching bean &apos;dataSource&apos; to allow for resolving potential circular references
[org.springframework.beans.factory.support.DefaultListableBeanFactory]Invoking init method  &apos;init&apos; on bean with name &apos;dataSource&apos;
[com.alibaba.druid.pool.DruidDataSource]{dataSource-3} inited
[org.springframework.beans.factory.support.DefaultListableBeanFactory]Returning cached instance of singleton bean &apos;org.springframework.aop.support.DefaultBeanFactoryPointcutAdvisor#0&apos;
[org.springframework.beans.factory.support.DefaultListableBeanFactory]Returning cached instance of singleton bean &apos;org.springframework.aop.support.DefaultBeanFactoryPointcutAdvisor#1&apos;
[org.springframework.beans.factory.support.DefaultListableBeanFactory]Returning cached instance of singleton bean &apos;org.springframework.aop.support.DefaultBeanFactoryPointcutAdvisor#0&apos;
[org.springframework.beans.factory.support.DefaultListableBeanFactory]Returning cached instance of singleton bean &apos;org.springframework.aop.support.DefaultBeanFactoryPointcutAdvisor#1&apos;
[org.springframework.beans.factory.support.DefaultListableBeanFactory]Finished creating instance of bean &apos;dataSource&apos;
[org.springframework.context.support.ClassPathXmlApplicationContext]Exception encountered during context initialization - cancelling refresh attempt: org.springframework.beans.factory.UnsatisfiedDependencyException: Error creating bean with name &apos;itemService&apos;: Unsatisfied dependency expressed through field &apos;itemMapper&apos;; nested exception is org.springframework.beans.factory.BeanCreationException: Error creating bean with name &apos;itemMapper&apos; defined in file [D:\taotao\target\classes\com\taotao\dao\ItemMapper.class]: Cannot resolve reference to bean &apos;sqlSessionFactory&apos; while setting bean property &apos;sqlSessionFactory&apos;; nested exception is org.springframework.beans.factory.BeanCreationException: Error creating bean with name &apos;sqlSessionFactory&apos; defined in class path resource [spring-mybatis.xml]: Initialization of bean failed; nested exception is org.springframework.beans.TypeMismatchException: Failed to convert property value of type &apos;java.lang.String&apos; to required type &apos;org.springframework.core.io.Resource[]&apos; for property &apos;mapperLocations&apos;; nested exception is java.lang.IllegalArgumentException: Could not resolve resource location pattern [classpath:com/taotao/mapping/*.xml]: class path resource [com/taotao/mapping/] cannot be resolved to URL because it does not exist
[org.springframework.beans.factory.support.DefaultListableBeanFactory]Destroying singletons in org.springframework.beans.factory.support.DefaultListableBeanFactory@5ea755f5: defining beans [org.springframework.beans.factory.config.PropertyPlaceholderConfigurer#0,itemService,userService,org.springframework.context.annotation.internalConfigurationAnnotationProcessor,org.springframework.context.annotation.internalAutowiredAnnotationProcessor,org.springframework.context.annotation.internalRequiredAnnotationProcessor,org.springframework.context.annotation.internalCommonAnnotationProcessor,org.springframework.context.event.internalEventListenerProcessor,org.springframework.context.event.internalEventListenerFactory,dataSource,sqlSessionFactory,org.mybatis.spring.mapper.MapperScannerConfigurer#0,transactionManager,transactionAdvice,org.springframework.aop.config.internalAutoProxyCreator,transactionPointcut,org.springframework.aop.support.DefaultBeanFactoryPointcutAdvisor#0,druid-stat-interceptor,druid-stat-pointcut,org.springframework.aop.support.DefaultBeanFactoryPointcutAdvisor#1,contentCategoryMapper,contentMapper,itemCatMapper,itemDescMapper,itemMapper,itemParamItemMapper,itemParamMapper,orderItemMapper,orderMapper,orderShippingMapper,userMapper]; root of factory hierarchy
[org.springframework.beans.factory.support.DisposableBeanAdapter]Invoking destroy method &apos;close&apos; on bean with name &apos;dataSource&apos;
[com.alibaba.druid.pool.DruidDataSource]{dataSource-3} closed
</system-out>
  </testcase>
</testsuite>